Determining if the function fcntl exists failed with the following output:
Change Dir: C:/Users/User/Documents/Github/ProjectRaven/dependencies/Locknet/cmake-build-debug/CMakeFiles/CMakeTmp

Run Build Command(s):C:/Program Files/JetBrains/CLion 2022.3.1/bin/ninja/win/ninja.exe cmTC_fbde0 && [1/2] Building C object CMakeFiles\cmTC_fbde0.dir\CheckFunctionExists.c.obj
[2/2] Linking C executable cmTC_fbde0.exe
FAILED: cmTC_fbde0.exe 
cmd.exe /C "cd . && "C:\Program Files\JetBrains\CLion 2022.3.1\bin\cmake\win\bin\cmake.exe" -E vs_link_exe --intdir=CMakeFiles\cmTC_fbde0.dir --rc=C:\PROGRA~2\WI3CF2~1\10\bin\100226~1.0\x64\rc.exe --mt=C:\PROGRA~2\WI3CF2~1\10\bin\100226~1.0\x64\mt.exe --manifests  -- C:\PROGRA~2\MICROS~2\2019\COMMUN~1\VC\Tools\MSVC\1429~1.301\bin\Hostx64\x64\link.exe /nologo CMakeFiles\cmTC_fbde0.dir\CheckFunctionExists.c.obj  /out:cmTC_fbde0.exe /implib:cmTC_fbde0.lib /pdb:cmTC_fbde0.pdb /version:0.0 /machine:x64  /debug /INCREMENTAL /subsystem:console  kernel32.lib user32.lib gdi32.lib winspool.lib shell32.lib ole32.lib oleaut32.lib uuid.lib comdlg32.lib advapi32.lib && cd ."
LINK Pass 1: command "C:\PROGRA~2\MICROS~2\2019\COMMUN~1\VC\Tools\MSVC\1429~1.301\bin\Hostx64\x64\link.exe /nologo CMakeFiles\cmTC_fbde0.dir\CheckFunctionExists.c.obj /out:cmTC_fbde0.exe /implib:cmTC_fbde0.lib /pdb:cmTC_fbde0.pdb /version:0.0 /machine:x64 /debug /INCREMENTAL /subsystem:console kernel32.lib user32.lib gdi32.lib winspool.lib shell32.lib ole32.lib oleaut32.lib uuid.lib comdlg32.lib advapi32.lib /MANIFEST /MANIFESTFILE:CMakeFiles\cmTC_fbde0.dir/intermediate.manifest CMakeFiles\cmTC_fbde0.dir/manifest.res" failed (exit code 1120) with the following output:
CheckFunctionExists.c.obj : error LNK2019: unresolved external symbol fcntl referenced in function main
cmTC_fbde0.exe : fatal error LNK1120: 1 unresolved externals
ninja: build stopped: subcommand failed.



Determining if the function poll exists failed with the following output:
Change Dir: C:/Users/User/Documents/Github/ProjectRaven/dependencies/Locknet/cmake-build-debug/CMakeFiles/CMakeTmp

Run Build Command(s):C:/Program Files/JetBrains/CLion 2022.3.1/bin/ninja/win/ninja.exe cmTC_dabb7 && [1/2] Building C object CMakeFiles\cmTC_dabb7.dir\CheckFunctionExists.c.obj
[2/2] Linking C executable cmTC_dabb7.exe
FAILED: cmTC_dabb7.exe 
cmd.exe /C "cd . && "C:\Program Files\JetBrains\CLion 2022.3.1\bin\cmake\win\bin\cmake.exe" -E vs_link_exe --intdir=CMakeFiles\cmTC_dabb7.dir --rc=C:\PROGRA~2\WI3CF2~1\10\bin\100226~1.0\x64\rc.exe --mt=C:\PROGRA~2\WI3CF2~1\10\bin\100226~1.0\x64\mt.exe --manifests  -- C:\PROGRA~2\MICROS~2\2019\COMMUN~1\VC\Tools\MSVC\1429~1.301\bin\Hostx64\x64\link.exe /nologo CMakeFiles\cmTC_dabb7.dir\CheckFunctionExists.c.obj  /out:cmTC_dabb7.exe /implib:cmTC_dabb7.lib /pdb:cmTC_dabb7.pdb /version:0.0 /machine:x64  /debug /INCREMENTAL /subsystem:console  kernel32.lib user32.lib gdi32.lib winspool.lib shell32.lib ole32.lib oleaut32.lib uuid.lib comdlg32.lib advapi32.lib && cd ."
LINK Pass 1: command "C:\PROGRA~2\MICROS~2\2019\COMMUN~1\VC\Tools\MSVC\1429~1.301\bin\Hostx64\x64\link.exe /nologo CMakeFiles\cmTC_dabb7.dir\CheckFunctionExists.c.obj /out:cmTC_dabb7.exe /implib:cmTC_dabb7.lib /pdb:cmTC_dabb7.pdb /version:0.0 /machine:x64 /debug /INCREMENTAL /subsystem:console kernel32.lib user32.lib gdi32.lib winspool.lib shell32.lib ole32.lib oleaut32.lib uuid.lib comdlg32.lib advapi32.lib /MANIFEST /MANIFESTFILE:CMakeFiles\cmTC_dabb7.dir/intermediate.manifest CMakeFiles\cmTC_dabb7.dir/manifest.res" failed (exit code 1120) with the following output:
CheckFunctionExists.c.obj : error LNK2019: unresolved external symbol poll referenced in function main
cmTC_dabb7.exe : fatal error LNK1120: 1 unresolved externals
ninja: build stopped: subcommand failed.



Determining if the function getaddrinfo exists failed with the following output:
Change Dir: C:/Users/User/Documents/Github/ProjectRaven/dependencies/Locknet/cmake-build-debug/CMakeFiles/CMakeTmp

Run Build Command(s):C:/Program Files/JetBrains/CLion 2022.3.1/bin/ninja/win/ninja.exe cmTC_1b51e && [1/2] Building C object CMakeFiles\cmTC_1b51e.dir\CheckFunctionExists.c.obj
[2/2] Linking C executable cmTC_1b51e.exe
FAILED: cmTC_1b51e.exe 
cmd.exe /C "cd . && "C:\Program Files\JetBrains\CLion 2022.3.1\bin\cmake\win\bin\cmake.exe" -E vs_link_exe --intdir=CMakeFiles\cmTC_1b51e.dir --rc=C:\PROGRA~2\WI3CF2~1\10\bin\100226~1.0\x64\rc.exe --mt=C:\PROGRA~2\WI3CF2~1\10\bin\100226~1.0\x64\mt.exe --manifests  -- C:\PROGRA~2\MICROS~2\2019\COMMUN~1\VC\Tools\MSVC\1429~1.301\bin\Hostx64\x64\link.exe /nologo CMakeFiles\cmTC_1b51e.dir\CheckFunctionExists.c.obj  /out:cmTC_1b51e.exe /implib:cmTC_1b51e.lib /pdb:cmTC_1b51e.pdb /version:0.0 /machine:x64  /debug /INCREMENTAL /subsystem:console  kernel32.lib user32.lib gdi32.lib winspool.lib shell32.lib ole32.lib oleaut32.lib uuid.lib comdlg32.lib advapi32.lib && cd ."
LINK Pass 1: command "C:\PROGRA~2\MICROS~2\2019\COMMUN~1\VC\Tools\MSVC\1429~1.301\bin\Hostx64\x64\link.exe /nologo CMakeFiles\cmTC_1b51e.dir\CheckFunctionExists.c.obj /out:cmTC_1b51e.exe /implib:cmTC_1b51e.lib /pdb:cmTC_1b51e.pdb /version:0.0 /machine:x64 /debug /INCREMENTAL /subsystem:console kernel32.lib user32.lib gdi32.lib winspool.lib shell32.lib ole32.lib oleaut32.lib uuid.lib comdlg32.lib advapi32.lib /MANIFEST /MANIFESTFILE:CMakeFiles\cmTC_1b51e.dir/intermediate.manifest CMakeFiles\cmTC_1b51e.dir/manifest.res" failed (exit code 1120) with the following output:
CheckFunctionExists.c.obj : error LNK2019: unresolved external symbol getaddrinfo referenced in function main
cmTC_1b51e.exe : fatal error LNK1120: 1 unresolved externals
ninja: build stopped: subcommand failed.



Determining if the function getnameinfo exists failed with the following output:
Change Dir: C:/Users/User/Documents/Github/ProjectRaven/dependencies/Locknet/cmake-build-debug/CMakeFiles/CMakeTmp

Run Build Command(s):C:/Program Files/JetBrains/CLion 2022.3.1/bin/ninja/win/ninja.exe cmTC_a504d && [1/2] Building C object CMakeFiles\cmTC_a504d.dir\CheckFunctionExists.c.obj
[2/2] Linking C executable cmTC_a504d.exe
FAILED: cmTC_a504d.exe 
cmd.exe /C "cd . && "C:\Program Files\JetBrains\CLion 2022.3.1\bin\cmake\win\bin\cmake.exe" -E vs_link_exe --intdir=CMakeFiles\cmTC_a504d.dir --rc=C:\PROGRA~2\WI3CF2~1\10\bin\100226~1.0\x64\rc.exe --mt=C:\PROGRA~2\WI3CF2~1\10\bin\100226~1.0\x64\mt.exe --manifests  -- C:\PROGRA~2\MICROS~2\2019\COMMUN~1\VC\Tools\MSVC\1429~1.301\bin\Hostx64\x64\link.exe /nologo CMakeFiles\cmTC_a504d.dir\CheckFunctionExists.c.obj  /out:cmTC_a504d.exe /implib:cmTC_a504d.lib /pdb:cmTC_a504d.pdb /version:0.0 /machine:x64  /debug /INCREMENTAL /subsystem:console  kernel32.lib user32.lib gdi32.lib winspool.lib shell32.lib ole32.lib oleaut32.lib uuid.lib comdlg32.lib advapi32.lib && cd ."
LINK Pass 1: command "C:\PROGRA~2\MICROS~2\2019\COMMUN~1\VC\Tools\MSVC\1429~1.301\bin\Hostx64\x64\link.exe /nologo CMakeFiles\cmTC_a504d.dir\CheckFunctionExists.c.obj /out:cmTC_a504d.exe /implib:cmTC_a504d.lib /pdb:cmTC_a504d.pdb /version:0.0 /machine:x64 /debug /INCREMENTAL /subsystem:console kernel32.lib user32.lib gdi32.lib winspool.lib shell32.lib ole32.lib oleaut32.lib uuid.lib comdlg32.lib advapi32.lib /MANIFEST /MANIFESTFILE:CMakeFiles\cmTC_a504d.dir/intermediate.manifest CMakeFiles\cmTC_a504d.dir/manifest.res" failed (exit code 1120) with the following output:
CheckFunctionExists.c.obj : error LNK2019: unresolved external symbol getnameinfo referenced in function main
cmTC_a504d.exe : fatal error LNK1120: 1 unresolved externals
ninja: build stopped: subcommand failed.



Determining if the function gethostbyname_r exists failed with the following output:
Change Dir: C:/Users/User/Documents/Github/ProjectRaven/dependencies/Locknet/cmake-build-debug/CMakeFiles/CMakeTmp

Run Build Command(s):C:/Program Files/JetBrains/CLion 2022.3.1/bin/ninja/win/ninja.exe cmTC_a03cc && [1/2] Building C object CMakeFiles\cmTC_a03cc.dir\CheckFunctionExists.c.obj
[2/2] Linking C executable cmTC_a03cc.exe
FAILED: cmTC_a03cc.exe 
cmd.exe /C "cd . && "C:\Program Files\JetBrains\CLion 2022.3.1\bin\cmake\win\bin\cmake.exe" -E vs_link_exe --intdir=CMakeFiles\cmTC_a03cc.dir --rc=C:\PROGRA~2\WI3CF2~1\10\bin\100226~1.0\x64\rc.exe --mt=C:\PROGRA~2\WI3CF2~1\10\bin\100226~1.0\x64\mt.exe --manifests  -- C:\PROGRA~2\MICROS~2\2019\COMMUN~1\VC\Tools\MSVC\1429~1.301\bin\Hostx64\x64\link.exe /nologo CMakeFiles\cmTC_a03cc.dir\CheckFunctionExists.c.obj  /out:cmTC_a03cc.exe /implib:cmTC_a03cc.lib /pdb:cmTC_a03cc.pdb /version:0.0 /machine:x64  /debug /INCREMENTAL /subsystem:console  kernel32.lib user32.lib gdi32.lib winspool.lib shell32.lib ole32.lib oleaut32.lib uuid.lib comdlg32.lib advapi32.lib && cd ."
LINK Pass 1: command "C:\PROGRA~2\MICROS~2\2019\COMMUN~1\VC\Tools\MSVC\1429~1.301\bin\Hostx64\x64\link.exe /nologo CMakeFiles\cmTC_a03cc.dir\CheckFunctionExists.c.obj /out:cmTC_a03cc.exe /implib:cmTC_a03cc.lib /pdb:cmTC_a03cc.pdb /version:0.0 /machine:x64 /debug /INCREMENTAL /subsystem:console kernel32.lib user32.lib gdi32.lib winspool.lib shell32.lib ole32.lib oleaut32.lib uuid.lib comdlg32.lib advapi32.lib /MANIFEST /MANIFESTFILE:CMakeFiles\cmTC_a03cc.dir/intermediate.manifest CMakeFiles\cmTC_a03cc.dir/manifest.res" failed (exit code 1120) with the following output:
CheckFunctionExists.c.obj : error LNK2019: unresolved external symbol gethostbyname_r referenced in function main
cmTC_a03cc.exe : fatal error LNK1120: 1 unresolved externals
ninja: build stopped: subcommand failed.



Determining if the function gethostbyaddr_r exists failed with the following output:
Change Dir: C:/Users/User/Documents/Github/ProjectRaven/dependencies/Locknet/cmake-build-debug/CMakeFiles/CMakeTmp

Run Build Command(s):C:/Program Files/JetBrains/CLion 2022.3.1/bin/ninja/win/ninja.exe cmTC_fbc23 && [1/2] Building C object CMakeFiles\cmTC_fbc23.dir\CheckFunctionExists.c.obj
[2/2] Linking C executable cmTC_fbc23.exe
FAILED: cmTC_fbc23.exe 
cmd.exe /C "cd . && "C:\Program Files\JetBrains\CLion 2022.3.1\bin\cmake\win\bin\cmake.exe" -E vs_link_exe --intdir=CMakeFiles\cmTC_fbc23.dir --rc=C:\PROGRA~2\WI3CF2~1\10\bin\100226~1.0\x64\rc.exe --mt=C:\PROGRA~2\WI3CF2~1\10\bin\100226~1.0\x64\mt.exe --manifests  -- C:\PROGRA~2\MICROS~2\2019\COMMUN~1\VC\Tools\MSVC\1429~1.301\bin\Hostx64\x64\link.exe /nologo CMakeFiles\cmTC_fbc23.dir\CheckFunctionExists.c.obj  /out:cmTC_fbc23.exe /implib:cmTC_fbc23.lib /pdb:cmTC_fbc23.pdb /version:0.0 /machine:x64  /debug /INCREMENTAL /subsystem:console  kernel32.lib user32.lib gdi32.lib winspool.lib shell32.lib ole32.lib oleaut32.lib uuid.lib comdlg32.lib advapi32.lib && cd ."
LINK Pass 1: command "C:\PROGRA~2\MICROS~2\2019\COMMUN~1\VC\Tools\MSVC\1429~1.301\bin\Hostx64\x64\link.exe /nologo CMakeFiles\cmTC_fbc23.dir\CheckFunctionExists.c.obj /out:cmTC_fbc23.exe /implib:cmTC_fbc23.lib /pdb:cmTC_fbc23.pdb /version:0.0 /machine:x64 /debug /INCREMENTAL /subsystem:console kernel32.lib user32.lib gdi32.lib winspool.lib shell32.lib ole32.lib oleaut32.lib uuid.lib comdlg32.lib advapi32.lib /MANIFEST /MANIFESTFILE:CMakeFiles\cmTC_fbc23.dir/intermediate.manifest CMakeFiles\cmTC_fbc23.dir/manifest.res" failed (exit code 1120) with the following output:
CheckFunctionExists.c.obj : error LNK2019: unresolved external symbol gethostbyaddr_r referenced in function main
cmTC_fbc23.exe : fatal error LNK1120: 1 unresolved externals
ninja: build stopped: subcommand failed.



Determining if the function inet_pton exists failed with the following output:
Change Dir: C:/Users/User/Documents/Github/ProjectRaven/dependencies/Locknet/cmake-build-debug/CMakeFiles/CMakeTmp

Run Build Command(s):C:/Program Files/JetBrains/CLion 2022.3.1/bin/ninja/win/ninja.exe cmTC_64c85 && [1/2] Building C object CMakeFiles\cmTC_64c85.dir\CheckFunctionExists.c.obj
[2/2] Linking C executable cmTC_64c85.exe
FAILED: cmTC_64c85.exe 
cmd.exe /C "cd . && "C:\Program Files\JetBrains\CLion 2022.3.1\bin\cmake\win\bin\cmake.exe" -E vs_link_exe --intdir=CMakeFiles\cmTC_64c85.dir --rc=C:\PROGRA~2\WI3CF2~1\10\bin\100226~1.0\x64\rc.exe --mt=C:\PROGRA~2\WI3CF2~1\10\bin\100226~1.0\x64\mt.exe --manifests  -- C:\PROGRA~2\MICROS~2\2019\COMMUN~1\VC\Tools\MSVC\1429~1.301\bin\Hostx64\x64\link.exe /nologo CMakeFiles\cmTC_64c85.dir\CheckFunctionExists.c.obj  /out:cmTC_64c85.exe /implib:cmTC_64c85.lib /pdb:cmTC_64c85.pdb /version:0.0 /machine:x64  /debug /INCREMENTAL /subsystem:console  kernel32.lib user32.lib gdi32.lib winspool.lib shell32.lib ole32.lib oleaut32.lib uuid.lib comdlg32.lib advapi32.lib && cd ."
LINK Pass 1: command "C:\PROGRA~2\MICROS~2\2019\COMMUN~1\VC\Tools\MSVC\1429~1.301\bin\Hostx64\x64\link.exe /nologo CMakeFiles\cmTC_64c85.dir\CheckFunctionExists.c.obj /out:cmTC_64c85.exe /implib:cmTC_64c85.lib /pdb:cmTC_64c85.pdb /version:0.0 /machine:x64 /debug /INCREMENTAL /subsystem:console kernel32.lib user32.lib gdi32.lib winspool.lib shell32.lib ole32.lib oleaut32.lib uuid.lib comdlg32.lib advapi32.lib /MANIFEST /MANIFESTFILE:CMakeFiles\cmTC_64c85.dir/intermediate.manifest CMakeFiles\cmTC_64c85.dir/manifest.res" failed (exit code 1120) with the following output:
CheckFunctionExists.c.obj : error LNK2019: unresolved external symbol inet_pton referenced in function main
cmTC_64c85.exe : fatal error LNK1120: 1 unresolved externals
ninja: build stopped: subcommand failed.



Determining if the function inet_ntop exists failed with the following output:
Change Dir: C:/Users/User/Documents/Github/ProjectRaven/dependencies/Locknet/cmake-build-debug/CMakeFiles/CMakeTmp

Run Build Command(s):C:/Program Files/JetBrains/CLion 2022.3.1/bin/ninja/win/ninja.exe cmTC_125b1 && [1/2] Building C object CMakeFiles\cmTC_125b1.dir\CheckFunctionExists.c.obj
[2/2] Linking C executable cmTC_125b1.exe
FAILED: cmTC_125b1.exe 
cmd.exe /C "cd . && "C:\Program Files\JetBrains\CLion 2022.3.1\bin\cmake\win\bin\cmake.exe" -E vs_link_exe --intdir=CMakeFiles\cmTC_125b1.dir --rc=C:\PROGRA~2\WI3CF2~1\10\bin\100226~1.0\x64\rc.exe --mt=C:\PROGRA~2\WI3CF2~1\10\bin\100226~1.0\x64\mt.exe --manifests  -- C:\PROGRA~2\MICROS~2\2019\COMMUN~1\VC\Tools\MSVC\1429~1.301\bin\Hostx64\x64\link.exe /nologo CMakeFiles\cmTC_125b1.dir\CheckFunctionExists.c.obj  /out:cmTC_125b1.exe /implib:cmTC_125b1.lib /pdb:cmTC_125b1.pdb /version:0.0 /machine:x64  /debug /INCREMENTAL /subsystem:console  kernel32.lib user32.lib gdi32.lib winspool.lib shell32.lib ole32.lib oleaut32.lib uuid.lib comdlg32.lib advapi32.lib && cd ."
LINK Pass 1: command "C:\PROGRA~2\MICROS~2\2019\COMMUN~1\VC\Tools\MSVC\1429~1.301\bin\Hostx64\x64\link.exe /nologo CMakeFiles\cmTC_125b1.dir\CheckFunctionExists.c.obj /out:cmTC_125b1.exe /implib:cmTC_125b1.lib /pdb:cmTC_125b1.pdb /version:0.0 /machine:x64 /debug /INCREMENTAL /subsystem:console kernel32.lib user32.lib gdi32.lib winspool.lib shell32.lib ole32.lib oleaut32.lib uuid.lib comdlg32.lib advapi32.lib /MANIFEST /MANIFESTFILE:CMakeFiles\cmTC_125b1.dir/intermediate.manifest CMakeFiles\cmTC_125b1.dir/manifest.res" failed (exit code 1120) with the following output:
CheckFunctionExists.c.obj : error LNK2019: unresolved external symbol inet_ntop referenced in function main
cmTC_125b1.exe : fatal error LNK1120: 1 unresolved externals
ninja: build stopped: subcommand failed.



Performing C SOURCE FILE Test HAS_MSGHDR_FLAGS failed with the following output:
Change Dir: C:/Users/User/Documents/Github/ProjectRaven/dependencies/Locknet/cmake-build-debug/CMakeFiles/CMakeTmp

Run Build Command(s):C:/Program Files/JetBrains/CLion 2022.3.1/bin/ninja/win/ninja.exe cmTC_7592b && [1/2] Building C object CMakeFiles\cmTC_7592b.dir\src.c.obj
FAILED: CMakeFiles/cmTC_7592b.dir/src.c.obj 
C:\PROGRA~2\MICROS~2\2019\COMMUN~1\VC\Tools\MSVC\1429~1.301\bin\Hostx64\x64\cl.exe  /nologo -DHAS_MSGHDR_FLAGS  /DWIN32 /D_WINDOWS  /Zi /Ob0 /Od /RTC1 -MDd /showIncludes /FoCMakeFiles\cmTC_7592b.dir\src.c.obj /FdCMakeFiles\cmTC_7592b.dir\ /FS -c C:\Users\User\Documents\Github\ProjectRaven\dependencies\Locknet\cmake-build-debug\CMakeFiles\CMakeTmp\src.c
C:\Users\User\Documents\Github\ProjectRaven\dependencies\Locknet\cmake-build-debug\CMakeFiles\CMakeTmp\src.c(3): fatal error C1083: Cannot open include file: 'sys/socket.h': No such file or directory
ninja: build stopped: subcommand failed.


Source file was:

#include <sys/types.h>
#include <sys/socket.h>

int main()
{
  (void)sizeof(((struct msghdr *)0)->msg_flags);
  return 0;
}

Determining size of socklen_t failed with the following output:
Change Dir: C:/Users/User/Documents/Github/ProjectRaven/dependencies/Locknet/cmake-build-debug/CMakeFiles/CMakeTmp

Run Build Command(s):C:/Program Files/JetBrains/CLion 2022.3.1/bin/ninja/win/ninja.exe cmTC_3d18b && [1/2] Building C object CMakeFiles\cmTC_3d18b.dir\HAS_SOCKLEN_T.c.obj
FAILED: CMakeFiles/cmTC_3d18b.dir/HAS_SOCKLEN_T.c.obj 
C:\PROGRA~2\MICROS~2\2019\COMMUN~1\VC\Tools\MSVC\1429~1.301\bin\Hostx64\x64\cl.exe  /nologo   /DWIN32 /D_WINDOWS  /Zi /Ob0 /Od /RTC1 -MDd /showIncludes /FoCMakeFiles\cmTC_3d18b.dir\HAS_SOCKLEN_T.c.obj /FdCMakeFiles\cmTC_3d18b.dir\ /FS -c C:\Users\User\Documents\Github\ProjectRaven\dependencies\Locknet\cmake-build-debug\CMakeFiles\CheckTypeSize\HAS_SOCKLEN_T.c
C:\Users\User\Documents\Github\ProjectRaven\dependencies\Locknet\cmake-build-debug\CMakeFiles\CheckTypeSize\HAS_SOCKLEN_T.c(2): fatal error C1083: Cannot open include file: 'sys/socket.h': No such file or directory
ninja: build stopped: subcommand failed.


C:/Users/User/Documents/Github/ProjectRaven/dependencies/Locknet/cmake-build-debug/CMakeFiles/CheckTypeSize/HAS_SOCKLEN_T.c:
#include "sys/types.h"
#include "sys/socket.h"


#undef KEY
#if defined(__i386)
# define KEY '_','_','i','3','8','6'
#elif defined(__x86_64)
# define KEY '_','_','x','8','6','_','6','4'
#elif defined(__PPC64__)
# define KEY '_','_','P','P','C','6','4','_','_'
#elif defined(__ppc64__)
# define KEY '_','_','p','p','c','6','4','_','_'
#elif defined(__PPC__)
# define KEY '_','_','P','P','C','_','_'
#elif defined(__ppc__)
# define KEY '_','_','p','p','c','_','_'
#elif defined(__aarch64__)
# define KEY '_','_','a','a','r','c','h','6','4','_','_'
#elif defined(__ARM_ARCH_7A__)
# define KEY '_','_','A','R','M','_','A','R','C','H','_','7','A','_','_'
#elif defined(__ARM_ARCH_7S__)
# define KEY '_','_','A','R','M','_','A','R','C','H','_','7','S','_','_'
#endif

#define SIZE (sizeof(socklen_t))
static char info_size[] =  {'I', 'N', 'F', 'O', ':', 's','i','z','e','[',
  ('0' + ((SIZE / 10000)%10)),
  ('0' + ((SIZE / 1000)%10)),
  ('0' + ((SIZE / 100)%10)),
  ('0' + ((SIZE / 10)%10)),
  ('0' +  (SIZE    % 10)),
  ']',
#ifdef KEY
  ' ','k','e','y','[', KEY, ']',
#endif
  '\0'};

#ifdef __CLASSIC_C__
int main(argc, argv) int argc; char *argv[];
#else
int main(int argc, char *argv[])
#endif
{
  int require = 0;
  require += info_size[argc];
  (void)argv;
  return require;
}


